<?xml version="1.0" encoding="UTF-8"?>
<!-- Generated by org.testng.reporters.JUnitReportReporter -->
<testsuite hostname="LAPTOP-NJ4R4OAH" failures="0" tests="1" name="com.Test.KeyWordTest" time="34.475" errors="0" timestamp="2022-09-26T08:14:21 IST" skipped="0">
  <testcase classname="com.Test.KeyWordTest" name="LoginTest" time="34.475"/>
  <system-out/>
</testsuite> <!-- com.Test.KeyWordTest -->
