<?xml version="1.0" encoding="UTF-8"?>
<!-- Generated by org.testng.reporters.JUnitReportReporter -->
<testsuite hostname="LAPTOP-NJ4R4OAH" failures="0" tests="1" name="com.Test.KeyWordTest" time="10.759" errors="0" timestamp="2022-09-26T00:31:31 IST" skipped="0">
  <testcase classname="com.Test.KeyWordTest" name="LoginTest" time="10.759"/>
  <system-out/>
</testsuite> <!-- com.Test.KeyWordTest -->
